<?xml version="1.0" encoding="UTF-8"?>
<!-- Generated by org.testng.reporters.JUnitReportReporter -->
<testsuite hostname="LAPTOP-6C3IMMPU" name="com.hrms.testscripts.TC004" tests="1" failures="0" timestamp="24 Jun 2021 02:22:28 GMT" time="25.699" errors="0">
  <testcase name="tc004" time="25.699" classname="com.hrms.testscripts.TC004"/>
</testsuite> <!-- com.hrms.testscripts.TC004 -->
